This is pdfTeX, Version 3.141592653-2.6-1.40.24 (MiKTeX 22.1) (preloaded format=pdflatex 2022.8.6)  6 AUG 2022 13:11
entering extended mode
 restricted \write18 enabled.
 %&-line parsing enabled.
**./full.tex
(full.tex
LaTeX2e <2022-06-01> patch level 5
L3 programming layer <2022-07-15>
(/Users/rahulgupta/Library/Application Support/MiKTeX/texmfs/install/tex/latex/
base/article.cls
Document Class: article 2021/10/04 v1.4n Standard LaTeX document class

(/Users/rahulgupta/Library/Application Support/MiKTeX/texmfs/install/tex/latex/
base/size10.clo
File: size10.clo 2021/10/04 v1.4n Standard LaTeX file (size option)
)
\c@part=\count185
\c@section=\count186
\c@subsection=\count187
\c@subsubsection=\count188
\c@paragraph=\count189
\c@subparagraph=\count190
\c@figure=\count191
\c@table=\count192
\abovecaptionskip=\skip47
\belowcaptionskip=\skip48
\bibindent=\dimen138
)
(/Users/rahulgupta/Library/Application Support/MiKTeX/texmfs/install/tex/latex/
l3backend/l3backend-pdftex.def
File: l3backend-pdftex.def 2022-07-01 L3 backend support: PDF output (pdfTeX)
\l__color_backend_stack_int=\count193
\l__pdf_internal_box=\box51
) (full.aux)
\openout1 = `full.aux'.

LaTeX Font Info:    Checking defaults for OML/cmm/m/it on input line 2.
LaTeX Font Info:    ... okay on input line 2.
LaTeX Font Info:    Checking defaults for OMS/cmsy/m/n on input line 2.
LaTeX Font Info:    ... okay on input line 2.
LaTeX Font Info:    Checking defaults for OT1/cmr/m/n on input line 2.
LaTeX Font Info:    ... okay on input line 2.
LaTeX Font Info:    Checking defaults for T1/cmr/m/n on input line 2.
LaTeX Font Info:    ... okay on input line 2.
LaTeX Font Info:    Checking defaults for TS1/cmr/m/n on input line 2.
LaTeX Font Info:    ... okay on input line 2.
LaTeX Font Info:    Checking defaults for OMX/cmex/m/n on input line 2.
LaTeX Font Info:    ... okay on input line 2.
LaTeX Font Info:    Checking defaults for U/cmr/m/n on input line 2.
LaTeX Font Info:    ... okay on input line 2.
LaTeX Font Info:    External font `cmex10' loaded for size
(Font)              <7> on input line 4.
LaTeX Font Info:    External font `cmex10' loaded for size
(Font)              <5> on input line 4.
 [1

{/Users/rahulgupta/Library/Application Support/MiKTeX/texmfs/data/fonts/map/pdf
tex/pdftex.map}] (full.aux) ) 
Here is how much of TeX's memory you used:
 428 strings out of 480272
 8534 string characters out of 2885908
 302393 words of memory out of 3000000
 18700 multiletter control sequences out of 15000+600000
 469259 words of font info for 28 fonts, out of 8000000 for 9000
 0 hyphenation exceptions out of 8191
 34i,5n,38p,141b,107s stack positions out of 10000i,1000n,20000p,200000b,80000s
</Users/rahulgupta/Library/Application Support/MiK
TeX/texmfs/install/fonts/type1/public/amsfonts/cm/cmmi10.pfb></Users/rahulgupta
/Library/Application Support/MiKTeX/texmfs/install/fonts/type1/public/amsfonts/
cm/cmmi7.pfb></Users/rahulgupta/Library/Application Support/MiKTeX/texmfs/insta
ll/fonts/type1/public/amsfonts/cm/cmr10.pfb></Users/rahulgupta/Library/Applicat
ion Support/MiKTeX/texmfs/install/fonts/type1/public/amsfonts/cm/cmr7.pfb>
Output written on full.pdf (1 page, 47088 bytes).
PDF statistics:
 26 PDF objects out of 1000 (max. 8388607)
 0 named destinations out of 1000 (max. 500000)
 1 words of extra memory for PDF output out of 10000 (max. 10000000)

